<?xml version="1.0" encoding="UTF-8"?>
<!-- Generated by org.testng.reporters.JUnitXMLReporter -->
<testsuite hostname="DESKTOP-LPSR3CB" ignored="0" name="Testing Parameterization" tests="4" failures="1" timestamp="2022-05-10T14:39:47 IST" time="0.095" errors="0">
  <testcase name="testCaseOne" time="0.011" classname="TestingAdvXml.Parameterization"/>
  <testcase name="testCaseTwo" time="0.002" classname="TestingAdvXml.Parameterization"/>
  <testcase name="testCaseThree" time="0.002" classname="TestingAdvXml.Parameterization"/>
  <testcase name="testLoginOfVtiger" time="0.01" classname="TestingAdvXml.Parameterization">
    <failure type="java.lang.NoClassDefFoundError" message="org/apache/hc/core5/http/ClassicHttpRequest">
      <![CDATA[java.lang.NoClassDefFoundError: org/apache/hc/core5/http/ClassicHttpRequest
at utilities.SeleniumUtility.setUp(SeleniumUtility.java:48)
at TestingAdvXml.Parameterization.testLoginOfVtiger(Parameterization.java:34)
at java.util.ArrayList.forEach(Unknown Source)
Caused by: java.lang.ClassNotFoundException: org.apache.hc.core5.http.ClassicHttpRequest
at java.net.URLClassLoader.findClass(Unknown Source)
at java.lang.ClassLoader.loadClass(Unknown Source)
at sun.misc.Launcher$AppClassLoader.loadClass(Unknown Source)
at java.lang.ClassLoader.loadClass(Unknown Source)
... 30 more
... Removed 27 stack frames]]>
    </failure>
  </testcase> <!-- testLoginOfVtiger -->
</testsuite> <!-- Testing Parameterization -->
