<?xml version="1.0" encoding="UTF-8"?>
<!-- Generated by org.testng.reporters.JUnitReportReporter -->
<testsuite skipped="2" hostname="DESKTOP-LPSR3CB" name="day23.testcases.ActitimeLoginLogout" tests="3" failures="0" timestamp="2022-05-10T20:24:42 IST" time="0.038" errors="1">
  <testcase name="testLogoutFunctionality" time="0.000" classname="day23.testcases.ActitimeLoginLogout">
    <skipped/>
  </testcase> <!-- testLogoutFunctionality -->
  <system-out/>
  <testcase name="testLoginFunctionality" time="0.000" classname="day23.testcases.ActitimeLoginLogout">
    <skipped/>
  </testcase> <!-- testLoginFunctionality -->
  <system-out/>
  <testcase name="precondition" time="0.038" classname="day23.testcases.ActitimeLoginLogout">
    <error type="java.lang.NoClassDefFoundError" message="org/apache/commons/lang3/SystemUtils">
      <![CDATA[java.lang.NoClassDefFoundError: org/apache/commons/lang3/SystemUtils
at io.github.bonigarcia.wdm.config.Config.defaultOsName(Config.java:355)
at io.github.bonigarcia.wdm.config.Config.<init>(Config.java:103)
at io.github.bonigarcia.wdm.WebDriverManager.<init>(WebDriverManager.java:198)
at io.github.bonigarcia.wdm.managers.ChromeDriverManager.<init>(ChromeDriverManager.java:46)
at io.github.bonigarcia.wdm.WebDriverManager.chromedriver(WebDriverManager.java:207)
at utilities.SeleniumUtility.setUp(SeleniumUtility.java:48)
at day23.testcases.ActitimeLoginLogout.precondition(ActitimeLoginLogout.java:14)
at sun.reflect.NativeMethodAccessorImpl.invoke0(Native Method)
at sun.reflect.NativeMethodAccessorImpl.invoke(Unknown Source)
at sun.reflect.DelegatingMethodAccessorImpl.invoke(Unknown Source)
at java.lang.reflect.Method.invoke(Unknown Source)
at org.testng.internal.MethodInvocationHelper.invokeMethod(MethodInvocationHelper.java:133)
at org.testng.internal.MethodInvocationHelper.invokeMethodConsideringTimeout(MethodInvocationHelper.java:62)
at org.testng.internal.ConfigInvoker.invokeConfigurationMethod(ConfigInvoker.java:385)
at org.testng.internal.ConfigInvoker.invokeConfigurations(ConfigInvoker.java:321)
at org.testng.TestRunner.invokeTestConfigurations(TestRunner.java:637)
at org.testng.TestRunner.beforeRun(TestRunner.java:627)
at org.testng.TestRunner.run(TestRunner.java:589)
at org.testng.SuiteRunner.runTest(SuiteRunner.java:377)
at org.testng.SuiteRunner.runSequentially(SuiteRunner.java:371)
at org.testng.SuiteRunner.privateRun(SuiteRunner.java:332)
at org.testng.SuiteRunner.run(SuiteRunner.java:276)
at org.testng.SuiteRunnerWorker.runSuite(SuiteRunnerWorker.java:53)
at org.testng.SuiteRunnerWorker.run(SuiteRunnerWorker.java:96)
at org.testng.TestNG.runSuitesSequentially(TestNG.java:1212)
at org.testng.TestNG.runSuitesLocally(TestNG.java:1134)
at org.testng.TestNG.runSuites(TestNG.java:1063)
at org.testng.TestNG.run(TestNG.java:1031)
at org.testng.remote.AbstractRemoteTestNG.run(AbstractRemoteTestNG.java:115)
at org.testng.remote.RemoteTestNG.initAndRun(RemoteTestNG.java:251)
at org.testng.remote.RemoteTestNG.main(RemoteTestNG.java:77)
Caused by: java.lang.ClassNotFoundException: org.apache.commons.lang3.SystemUtils
at java.net.URLClassLoader.findClass(Unknown Source)
at java.lang.ClassLoader.loadClass(Unknown Source)
at sun.misc.Launcher$AppClassLoader.loadClass(Unknown Source)
at java.lang.ClassLoader.loadClass(Unknown Source)
... 31 more
]]>
    </error>
  </testcase> <!-- precondition -->
  <system-out/>
</testsuite> <!-- day23.testcases.ActitimeLoginLogout -->
