<?xml version="1.0" encoding="UTF-8"?>
<!-- Generated by org.testng.reporters.JUnitXMLReporter -->
<testsuite hostname="DESKTOP-LPSR3CB" ignored="0" name="Regression 1" tests="2" failures="2" timestamp="2022-05-11T11:34:42 IST" time="0.16" errors="0">
  <testcase name="testCaseOne" time="0.069" classname="TestingAdvXml.ParallelExecutionOfMethods">
    <failure type="java.lang.NoClassDefFoundError" message="org/apache/commons/lang3/SystemUtils">
      <![CDATA[java.lang.NoClassDefFoundError: org/apache/commons/lang3/SystemUtils
at io.github.bonigarcia.wdm.config.Config.defaultOsName(Config.java:355)
at io.github.bonigarcia.wdm.config.Config.<init>(Config.java:103)
at io.github.bonigarcia.wdm.WebDriverManager.<init>(WebDriverManager.java:198)
at io.github.bonigarcia.wdm.managers.ChromeDriverManager.<init>(ChromeDriverManager.java:46)
at io.github.bonigarcia.wdm.WebDriverManager.chromedriver(WebDriverManager.java:207)
at utilities.SeleniumUtility.setUp(SeleniumUtility.java:48)
at TestingAdvXml.ParallelExecutionOfMethods.testCaseOne(ParallelExecutionOfMethods.java:11)
at java.util.concurrent.ThreadPoolExecutor.runWorker(Unknown Source)
at java.util.concurrent.ThreadPoolExecutor$Worker.run(Unknown Source)
at java.lang.Thread.run(Unknown Source)
... Removed 12 stack frames]]>
    </failure>
  </testcase> <!-- testCaseOne -->
  <testcase name="testCaseTwo" time="0.071" classname="TestingAdvXml.ParallelExecutionOfMethods">
    <failure type="java.lang.NoClassDefFoundError" message="org/apache/commons/lang3/SystemUtils">
      <![CDATA[java.lang.NoClassDefFoundError: org/apache/commons/lang3/SystemUtils
at io.github.bonigarcia.wdm.config.Config.defaultOsName(Config.java:355)
at io.github.bonigarcia.wdm.config.Config.<init>(Config.java:103)
at io.github.bonigarcia.wdm.WebDriverManager.<init>(WebDriverManager.java:198)
at io.github.bonigarcia.wdm.managers.FirefoxDriverManager.<init>(FirefoxDriverManager.java:41)
at io.github.bonigarcia.wdm.WebDriverManager.firefoxdriver(WebDriverManager.java:215)
at utilities.SeleniumUtility.setUp(SeleniumUtility.java:52)
at TestingAdvXml.ParallelExecutionOfMethods.testCaseTwo(ParallelExecutionOfMethods.java:17)
at java.util.concurrent.ThreadPoolExecutor.runWorker(Unknown Source)
at java.util.concurrent.ThreadPoolExecutor$Worker.run(Unknown Source)
at java.lang.Thread.run(Unknown Source)
Caused by: java.lang.ClassNotFoundException: org.apache.commons.lang3.SystemUtils
at java.net.URLClassLoader.findClass(Unknown Source)
at java.lang.ClassLoader.loadClass(Unknown Source)
at sun.misc.Launcher$AppClassLoader.loadClass(Unknown Source)
at java.lang.ClassLoader.loadClass(Unknown Source)
... 22 more
... Removed 12 stack frames]]>
    </failure>
  </testcase> <!-- testCaseTwo -->
</testsuite> <!-- Regression 1 -->
